

Microchip Technology PIC18 LITE Macro Assembler V1.44 build -154322312 
                                                                                               Fri Feb 23 19:22:10 2018

Microchip Technology Omniscient Code Generator v1.44 (Free mode) build 201709140600
     1                           	processor	18F46K80
     2                           	fnconf	rparam,??,?,0
     3                           	opt	pw 120
     4                           	opt	lm
     5                           	psect	cinit,global,reloc=2,class=CODE,delta=1
     6                           	psect	cstackCOMRAM,global,class=COMRAM,space=1,delta=1,noexec
     7                           	psect	text0,global,reloc=2,class=CODE,delta=1
     8                           	psect	intsave_regs,global,class=BIGRAM,space=1,delta=1,noexec
     9                           	psect	rparam,global,class=COMRAM,space=1,delta=1,noexec
    10  0000                     
    11                           ; Version 1.44
    12                           ; Generated 14/09/2017 GMT
    13                           ; 
    14                           ; Copyright © 2017, Microchip Technology Inc. and its subsidiaries ("Microchip")
    15                           ; All rights reserved.
    16                           ; 
    17                           ; This software is developed by Microchip Technology Inc. and its subsidiaries ("Microch
      +                          ip").
    18                           ; 
    19                           ; Redistribution and use in source and binary forms, with or without modification, are
    20                           ; permitted provided that the following conditions are met:
    21                           ; 
    22                           ;     1. Redistributions of source code must retain the above copyright notice, this lis
      +                          t of
    23                           ;        conditions and the following disclaimer.
    24                           ; 
    25                           ;     2. Redistributions in binary form must reproduce the above copyright notice, this 
      +                          list
    26                           ;        of conditions and the following disclaimer in the documentation and/or other
    27                           ;        materials provided with the distribution.
    28                           ; 
    29                           ;     3. Microchip's name may not be used to endorse or promote products derived from th
      +                          is
    30                           ;        software without specific prior written permission.
    31                           ; 
    32                           ; THIS SOFTWARE IS PROVIDED BY MICROCHIP "AS IS" AND ANY EXPRESS OR IMPLIED WARRANTIES,
    33                           ; INCLUDING, BUT NOT LIMITED TO, THE IMPLIED WARRANTIES OF MERCHANTABILITY AND FITNESS F
      +                          OR
    34                           ; PURPOSE ARE DISCLAIMED.  IN NO EVENT SHALL MICROCHIP BE LIABLE FOR ANY DIRECT, INDIREC
      +                          T,
    35                           ; INCIDENTAL, SPECIAL, EXEMPLARY, OR CONSEQUENTIAL DAMAGES (INCLUDING BUT NOT LIMITED TO
    36                           ; PROCUREMENT OF SUBSTITUTE GOODS OR SERVICES; LOSS OF USE, DATA OR PROFITS; OR BUSINESS
    37                           ; INTERRUPTION) HOWSOEVER CAUSED AND ON ANY THEORY OF LIABILITY, WHETHER IN CONTRACT, ST
      +                          RICT
    38                           ; LIABILITY, OR TORT (INCLUDING NEGLIGENCE OR OTHERWISE) ARISING IN ANY WAY OUT OF THE U
      +                          SE OF
    39                           ; THIS SOFTWARE, EVEN IF ADVISED OF THE POSSIBILITY OF SUCH DAMAGE.
    40                           ; 
    41                           ; 
    42                           ; Code-generator required, PIC18F46K80 Definitions
    43                           ; 
    44                           ; SFR Addresses
    45  0000                     _LATDbits	set	3980
    46  0000                     _OSCTUNEbits	set	3995
    47  0000                     _OSCCON	set	4051
    48  0000                     _TRISDbits	set	3989
    49                           
    50                           ; #config settings
    51  0000                     
    52                           	psect	cinit
    53  00FFB8                     __pcinit:
    54                           	opt stack 0
    55  00FFB8                     start_initialization:
    56                           	opt stack 0
    57  00FFB8                     __initialization:
    58                           	opt stack 0
    59  00FFB8                     end_of_initialization:
    60                           	opt stack 0
    61  00FFB8                     __end_of__initialization:
    62                           	opt stack 0
    63  00FFB8  0100               	movlb	0
    64  00FFBA  EFDF  F07F         	goto	_main	;jump to C main() function
    65                           
    66                           	psect	cstackCOMRAM
    67  000001                     __pcstackCOMRAM:
    68                           	opt stack 0
    69  000001                     ??_main:
    70                           
    71                           ; 1 bytes @ 0x0
    72  000001                     	ds	2
    73  000003                     main@x:
    74                           	opt stack 0
    75                           
    76                           ; 2 bytes @ 0x2
    77  000003                     	ds	2
    78                           
    79 ;;
    80 ;;Main: autosize = 0, tempsize = 2, incstack = 0, save=0
    81 ;;
    82 ;; *************** function _main *****************
    83 ;; Defined at:
    84 ;;		line 87 in file "Main.c"
    85 ;; Parameters:    Size  Location     Type
    86 ;;		None
    87 ;; Auto vars:     Size  Location     Type
    88 ;;  x               2    2[COMRAM] unsigned int 
    89 ;; Return value:  Size  Location     Type
    90 ;;                  1    wreg      void 
    91 ;; Registers used:
    92 ;;		wreg, status,2
    93 ;; Tracked objects:
    94 ;;		On entry : 0/0
    95 ;;		On exit  : 0/0
    96 ;;		Unchanged: 0/0
    97 ;; Data sizes:     COMRAM   BANK0   BANK1   BANK2   BANK3   BANK4   BANK5   BANK6   BANK7   BANK8   BANK9  BANK10  BANK1
      +1  BANK12  BANK13  BANK14
    98 ;;      Params:         0       0       0       0       0       0       0       0       0       0       0       0       
      +0       0       0       0
    99 ;;      Locals:         2       0       0       0       0       0       0       0       0       0       0       0       
      +0       0       0       0
   100 ;;      Temps:          2       0       0       0       0       0       0       0       0       0       0       0       
      +0       0       0       0
   101 ;;      Totals:         4       0       0       0       0       0       0       0       0       0       0       0       
      +0       0       0       0
   102 ;;Total ram usage:        4 bytes
   103 ;; This function calls:
   104 ;;		Nothing
   105 ;; This function is called by:
   106 ;;		Startup code after reset
   107 ;; This function uses a non-reentrant model
   108 ;;
   109                           
   110                           	psect	text0
   111  00FFBE                     __ptext0:
   112                           	opt stack 0
   113  00FFBE                     _main:
   114                           	opt stack 31
   115                           
   116                           ;Main.c: 88: unsigned int x = 0;
   117                           
   118                           ;incstack = 0
   119  00FFBE  0E00               	movlw	0
   120  00FFC0  6E04               	movwf	main@x+1,c
   121  00FFC2  0E00               	movlw	0
   122  00FFC4  6E03               	movwf	main@x,c
   123                           
   124                           ;Main.c: 89: TRISDbits.TRISD1 = 0;
   125  00FFC6  9295               	bcf	3989,1,c	;volatile
   126                           
   127                           ;Main.c: 91: OSCCON = 0b01010000;
   128  00FFC8  0E50               	movlw	80
   129  00FFCA  6ED3               	movwf	4051,c	;volatile
   130                           
   131                           ;Main.c: 92: OSCTUNEbits.PLLEN = 1;
   132  00FFCC  8C9B               	bsf	3995,6,c	;volatile
   133  00FFCE                     
   134                           ;Main.c: 95: {
   135                           ;Main.c: 96: LATDbits.LATD1 = 0;
   136  00FFCE  928C               	bcf	3980,1,c	;volatile
   137                           
   138                           ;Main.c: 97: _delay(1000000);
   139  00FFD0  0E06               	movlw	6
   140  00FFD2  6E02               	movwf	(??_main+1)& (0+255),c
   141  00FFD4  0E13               	movlw	19
   142  00FFD6  6E01               	movwf	??_main& (0+255),c
   143  00FFD8  0EAE               	movlw	174
   144  00FFDA                     u17:
   145  00FFDA  2EE8               	decfsz	wreg,f,c
   146  00FFDC  D7FE               	bra	u17
   147  00FFDE  2E01               	decfsz	??_main& (0+255),f,c
   148  00FFE0  D7FC               	bra	u17
   149  00FFE2  2E02               	decfsz	(??_main+1)& (0+255),f,c
   150  00FFE4  D7FA               	bra	u17
   151                           
   152                           ;Main.c: 99: LATDbits.LATD1 = 1;
   153  00FFE6  828C               	bsf	3980,1,c	;volatile
   154                           
   155                           ;Main.c: 100: _delay(1000000);
   156  00FFE8  0E06               	movlw	6
   157  00FFEA  6E02               	movwf	(??_main+1)& (0+255),c
   158  00FFEC  0E13               	movlw	19
   159  00FFEE  6E01               	movwf	??_main& (0+255),c
   160  00FFF0  0EAE               	movlw	174
   161  00FFF2                     u27:
   162  00FFF2  2EE8               	decfsz	wreg,f,c
   163  00FFF4  D7FE               	bra	u27
   164  00FFF6  2E01               	decfsz	??_main& (0+255),f,c
   165  00FFF8  D7FC               	bra	u27
   166  00FFFA  2E02               	decfsz	(??_main+1)& (0+255),f,c
   167  00FFFC  D7FA               	bra	u27
   168  00FFFE  D7E7               	goto	l15
   169  010000                     __end_of_main:
   170                           	opt stack 0
   171  0000                     wreg	equ	0xFE8
   172                           wreg	equ	0xFE8
   173                           
   174                           	psect	rparam
   175  0000                     wreg	equ	0xFE8


Data Sizes:
    Strings     0
    Constant    0
    Data        0
    BSS         0
    Persistent  0
    Stack       0

Auto Spaces:
    Space          Size  Autos    Used
    COMRAM           95      4       4
    BANK0           160      0       0
    BANK1           256      0       0
    BANK2           256      0       0
    BANK3           256      0       0
    BANK4           256      0       0
    BANK5           256      0       0
    BANK6           256      0       0
    BANK7           256      0       0
    BANK8           256      0       0
    BANK9           256      0       0
    BANK10          256      0       0
    BANK11          256      0       0
    BANK12          256      0       0
    BANK13          256      0       0
    BANK14           65      0       0

Pointer List with Targets:

    None.

Critical Paths under _main in COMRAM

    None.

Critical Paths under _main in BANK0

    None.

Critical Paths under _main in BANK1

    None.

Critical Paths under _main in BANK2

    None.

Critical Paths under _main in BANK3

    None.

Critical Paths under _main in BANK4

    None.

Critical Paths under _main in BANK5

    None.

Critical Paths under _main in BANK6

    None.

Critical Paths under _main in BANK7

    None.

Critical Paths under _main in BANK8

    None.

Critical Paths under _main in BANK9

    None.

Critical Paths under _main in BANK10

    None.

Critical Paths under _main in BANK11

    None.

Critical Paths under _main in BANK12

    None.

Critical Paths under _main in BANK13

    None.

Critical Paths under _main in BANK14

    None.

Call Graph Tables:

 ---------------------------------------------------------------------------------
 (Depth) Function   	        Calls       Base Space   Used Autos Params    Refs
 ---------------------------------------------------------------------------------
 (0) _main                                                 4     4      0       0
                                              0 COMRAM     4     4      0
 ---------------------------------------------------------------------------------
 Estimated maximum stack depth 0
 ---------------------------------------------------------------------------------

 Call Graph Graphs:

 _main (ROOT)

 Address spaces:
Name               Size   Autos  Total    Cost      Usage
BITCOMRAM           5F      0       0       0        0.0%
EEDATA             400      0       0       0        0.0%
NULL                 0      0       0       0        0.0%
CODE                 0      0       0       0        0.0%
COMRAM              5F      4       4       1        4.2%
STACK                0      0       0       2        0.0%
DATA                 0      0       0       3        0.0%
BITBANK0            A0      0       0       4        0.0%
BANK0               A0      0       0       5        0.0%
ABS                  0      0       0       6        0.0%
BITBANK1           100      0       0       7        0.0%
BANK1              100      0       0       8        0.0%
BITBANK2           100      0       0       9        0.0%
BANK2              100      0       0      10        0.0%
BITBANK3           100      0       0      11        0.0%
BANK3              100      0       0      12        0.0%
BITBANK4           100      0       0      13        0.0%
BANK4              100      0       0      14        0.0%
BITBANK5           100      0       0      15        0.0%
BANK5              100      0       0      16        0.0%
BITBANK6           100      0       0      17        0.0%
BANK6              100      0       0      18        0.0%
BITBANK7           100      0       0      19        0.0%
BANK7              100      0       0      20        0.0%
BITBANK8           100      0       0      21        0.0%
BANK8              100      0       0      22        0.0%
BITBANK9           100      0       0      23        0.0%
BANK9              100      0       0      24        0.0%
BITBANK10          100      0       0      25        0.0%
BANK10             100      0       0      26        0.0%
BITBANK11          100      0       0      27        0.0%
BANK11             100      0       0      28        0.0%
BITBANK12          100      0       0      29        0.0%
BANK12             100      0       0      30        0.0%
BITBANK13          100      0       0      31        0.0%
BANK13             100      0       0      32        0.0%
BITBANK14           41      0       0      33        0.0%
BANK14              41      0       0      34        0.0%
BIGRAM             E40      0       0      35        0.0%
BITSFR_2             0      0       0     200        0.0%
SFR_2                0      0       0     200        0.0%
BITSFR_1             0      0       0     200        0.0%
SFR_1                0      0       0     200        0.0%
BITSFR               0      0       0     200        0.0%
SFR                  0      0       0     200        0.0%


Microchip Technology PIC18 Macro Assembler V1.44 build -154322312 
Symbol Table                                                                                   Fri Feb 23 19:22:10 2018

                     l15 FFCE                       u17 FFDA                       u27 FFF2  
            __CFG_BORV$3 000000             __CFG_CP0$OFF 000000             __CFG_CP1$OFF 000000  
           __CFG_CP2$OFF 000000             __CFG_CP3$OFF 000000             __CFG_CPB$OFF 000000  
           __CFG_CPD$OFF 000000                      wreg 000FE8                     _main FFBE  
                   start 0000            __CFG_IESO$OFF 000000            __CFG_MCLRE$ON 000000  
           ___param_bank 000000                    ?_main 0001            __CFG_WRT0$OFF 000000  
          __CFG_WRT1$OFF 000000            __CFG_WRT2$OFF 000000            __CFG_WRT3$OFF 000000  
         __CFG_EBTR0$OFF 000000           __CFG_FCMEN$OFF 000000           __CFG_EBTR1$OFF 000000  
         __CFG_EBTR2$OFF 000000           __CFG_EBTR3$OFF 000000            __CFG_WRTB$OFF 000000  
          __CFG_WRTC$OFF 000000            __CFG_WRTD$OFF 000000           __CFG_EBTRB$OFF 000000  
                  main@x 0003           __CFG_BOREN$OFF 000000          __initialization FFB8  
           __end_of_main 0000                   ??_main 0001            __activetblptr 000000  
         __CFG_PLLCFG$ON 000000           __CFG_RETEN$OFF 000000          __CFG_BBSIZ$BB2K 000000  
         __CFG_WDTEN$OFF 000000                   _OSCCON 000FD3           __CFG_XINST$OFF 000000  
         __CFG_STVREN$ON 000000               __accesstop 0060  __end_of__initialization FFB8  
          ___rparam_used 000001           __pcstackCOMRAM 0001         __CFG_CANMX$PORTB 000000  
        __CFG_PWRTEN$OFF 000000                  __Hparam 0000                  __Lparam 0000  
                __pcinit FFB8                  __ramtop 0F00                  __ptext0 FFBE  
      __CFG_MSSPMSK$MSK7 000000     end_of_initialization FFB8         __CFG_FOSC$INTIO2 000000  
              _TRISDbits 000F95      start_initialization FFB8                 _LATDbits 000F8C  
       __CFG_SOSCSEL$DIG 000000                 __Hrparam 0000                 __Lrparam 0000  
          __size_of_main 0042      __CFG_INTOSCSEL$HIGH 000000              _OSCTUNEbits 000F9B  
     __CFG_WDTPS$1048576 000000      __CFG_BORPWR$ZPBORMV 000000  
